mode: set
github.com/yerassyldanay/invest/service/service_document.go:14.101,19.32 3 0
github.com/yerassyldanay/invest/service/service_document.go:28.2,28.21 1 0
github.com/yerassyldanay/invest/service/service_document.go:35.2,36.16 2 0
github.com/yerassyldanay/invest/service/service_document.go:40.2,41.37 2 0
github.com/yerassyldanay/invest/service/service_document.go:45.2,48.53 3 0
github.com/yerassyldanay/invest/service/service_document.go:19.32,21.21 2 0
github.com/yerassyldanay/invest/service/service_document.go:25.3,25.27 1 0
github.com/yerassyldanay/invest/service/service_document.go:21.21,23.4 1 0
github.com/yerassyldanay/invest/service/service_document.go:28.21,32.3 3 0
github.com/yerassyldanay/invest/service/service_document.go:36.16,38.3 1 0
github.com/yerassyldanay/invest/service/service_document.go:41.37,43.3 1 0
github.com/yerassyldanay/invest/service/service_document.go:52.94,54.15 2 0
github.com/yerassyldanay/invest/service/service_document.go:59.2,60.60 2 0
github.com/yerassyldanay/invest/service/service_document.go:65.2,66.57 2 0
github.com/yerassyldanay/invest/service/service_document.go:71.2,73.40 3 0
github.com/yerassyldanay/invest/service/service_document.go:78.2,78.45 1 0
github.com/yerassyldanay/invest/service/service_document.go:82.2,83.30 2 0
github.com/yerassyldanay/invest/service/service_document.go:54.15,54.33 1 0
github.com/yerassyldanay/invest/service/service_document.go:54.33,56.3 1 0
github.com/yerassyldanay/invest/service/service_document.go:60.60,62.3 1 0
github.com/yerassyldanay/invest/service/service_document.go:66.57,68.3 1 0
github.com/yerassyldanay/invest/service/service_document.go:73.40,75.3 1 0
github.com/yerassyldanay/invest/service/service_document.go:78.45,80.3 1 0
github.com/yerassyldanay/invest/service/check_ganta.go:9.96,21.9 2 0
github.com/yerassyldanay/invest/service/check_ganta.go:32.2,32.30 1 0
github.com/yerassyldanay/invest/service/check_ganta.go:22.42,22.42 0 0
github.com/yerassyldanay/invest/service/check_ganta.go:24.77,24.77 0 0
github.com/yerassyldanay/invest/service/check_ganta.go:26.92,26.92 0 0
github.com/yerassyldanay/invest/service/check_ganta.go:28.10,29.111 1 0
github.com/yerassyldanay/invest/service/service_assign.go:9.84,15.42 2 1
github.com/yerassyldanay/invest/service/service_assign.go:21.2,22.54 2 1
github.com/yerassyldanay/invest/service/service_assign.go:28.2,28.45 1 1
github.com/yerassyldanay/invest/service/service_assign.go:41.2,41.42 1 1
github.com/yerassyldanay/invest/service/service_assign.go:46.2,52.9 2 1
github.com/yerassyldanay/invest/service/service_assign.go:57.2,57.30 1 1
github.com/yerassyldanay/invest/service/service_assign.go:15.42,18.3 2 1
github.com/yerassyldanay/invest/service/service_assign.go:22.54,25.3 2 0
github.com/yerassyldanay/invest/service/service_assign.go:28.45,34.75 2 1
github.com/yerassyldanay/invest/service/service_assign.go:34.75,37.4 2 0
github.com/yerassyldanay/invest/service/service_assign.go:41.42,43.3 1 0
github.com/yerassyldanay/invest/service/service_assign.go:53.57,53.57 0 1
github.com/yerassyldanay/invest/service/service_assign.go:54.10,54.10 0 0
github.com/yerassyldanay/invest/service/service_assign.go:60.85,67.21 2 1
github.com/yerassyldanay/invest/service/service_assign.go:73.2,74.9 2 1
github.com/yerassyldanay/invest/service/service_assign.go:90.2,90.42 1 1
github.com/yerassyldanay/invest/service/service_assign.go:95.2,95.30 1 1
github.com/yerassyldanay/invest/service/service_assign.go:67.21,70.3 2 0
github.com/yerassyldanay/invest/service/service_assign.go:75.18,77.50 2 0
github.com/yerassyldanay/invest/service/service_assign.go:78.19,83.24 1 1
github.com/yerassyldanay/invest/service/service_assign.go:83.24,86.4 2 0
github.com/yerassyldanay/invest/service/service_assign.go:90.42,92.3 1 0
github.com/yerassyldanay/invest/service/help_parse_file.go:17.80,20.55 1 0
github.com/yerassyldanay/invest/service/help_parse_file.go:25.2,26.16 2 0
github.com/yerassyldanay/invest/service/help_parse_file.go:29.2,36.16 4 0
github.com/yerassyldanay/invest/service/help_parse_file.go:40.2,44.21 4 0
github.com/yerassyldanay/invest/service/help_parse_file.go:20.55,22.3 1 0
github.com/yerassyldanay/invest/service/help_parse_file.go:26.16,28.3 1 0
github.com/yerassyldanay/invest/service/help_parse_file.go:36.16,38.3 1 0
github.com/yerassyldanay/invest/service/service_add_document.go:17.94,20.15 2 0
github.com/yerassyldanay/invest/service/service_add_document.go:23.2,28.69 3 0
github.com/yerassyldanay/invest/service/service_add_document.go:41.2,42.74 2 0
github.com/yerassyldanay/invest/service/service_add_document.go:51.2,52.86 2 0
github.com/yerassyldanay/invest/service/service_add_document.go:87.2,87.45 1 0
github.com/yerassyldanay/invest/service/service_add_document.go:92.2,94.16 3 0
github.com/yerassyldanay/invest/service/service_add_document.go:98.2,98.30 1 0
github.com/yerassyldanay/invest/service/service_add_document.go:20.15,20.33 1 0
github.com/yerassyldanay/invest/service/service_add_document.go:20.33,20.53 1 0
github.com/yerassyldanay/invest/service/service_add_document.go:28.69,30.3 1 0
github.com/yerassyldanay/invest/service/service_add_document.go:42.74,44.3 1 0
github.com/yerassyldanay/invest/service/service_add_document.go:52.86,59.17 3 0
github.com/yerassyldanay/invest/service/service_add_document.go:64.3,64.85 1 0
github.com/yerassyldanay/invest/service/service_add_document.go:59.17,61.4 1 0
github.com/yerassyldanay/invest/service/service_add_document.go:64.85,65.89 1 0
github.com/yerassyldanay/invest/service/service_add_document.go:70.4,70.75 1 0
github.com/yerassyldanay/invest/service/service_add_document.go:75.4,76.106 2 0
github.com/yerassyldanay/invest/service/service_add_document.go:65.89,68.5 1 0
github.com/yerassyldanay/invest/service/service_add_document.go:70.75,73.5 1 0
github.com/yerassyldanay/invest/service/service_add_document.go:76.106,79.5 1 0
github.com/yerassyldanay/invest/service/service_add_document.go:82.8,83.122 1 0
github.com/yerassyldanay/invest/service/service_add_document.go:83.122,85.3 1 0
github.com/yerassyldanay/invest/service/service_add_document.go:87.45,89.3 1 0
github.com/yerassyldanay/invest/service/service_add_document.go:94.16,96.3 1 0
github.com/yerassyldanay/invest/service/service_add_document.go:102.88,110.75 5 1
github.com/yerassyldanay/invest/service/service_add_document.go:115.2,118.44 2 1
github.com/yerassyldanay/invest/service/service_add_document.go:123.2,123.59 1 1
github.com/yerassyldanay/invest/service/service_add_document.go:129.2,129.52 1 1
github.com/yerassyldanay/invest/service/service_add_document.go:138.2,144.9 2 1
github.com/yerassyldanay/invest/service/service_add_document.go:149.2,149.30 1 1
github.com/yerassyldanay/invest/service/service_add_document.go:110.75,112.3 1 0
github.com/yerassyldanay/invest/service/service_add_document.go:118.44,120.3 1 0
github.com/yerassyldanay/invest/service/service_add_document.go:123.59,125.3 1 0
github.com/yerassyldanay/invest/service/service_add_document.go:129.52,132.27 2 1
github.com/yerassyldanay/invest/service/service_add_document.go:132.27,134.4 1 0
github.com/yerassyldanay/invest/service/service_add_document.go:145.57,145.57 0 1
github.com/yerassyldanay/invest/service/service_add_document.go:146.10,146.10 0 0
github.com/yerassyldanay/invest/service/service_signup.go:20.61,39.16 3 1
github.com/yerassyldanay/invest/service/service_signup.go:44.2,45.22 2 1
github.com/yerassyldanay/invest/service/service_signup.go:50.2,55.9 2 1
github.com/yerassyldanay/invest/service/service_signup.go:60.2,62.4 1 1
github.com/yerassyldanay/invest/service/service_signup.go:39.16,41.3 1 0
github.com/yerassyldanay/invest/service/service_signup.go:45.22,47.3 1 0
github.com/yerassyldanay/invest/service/service_signup.go:56.57,56.57 0 1
github.com/yerassyldanay/invest/service/service_signup.go:57.10,57.10 0 0
github.com/yerassyldanay/invest/service/check_project.go:10.104,14.9 3 0
github.com/yerassyldanay/invest/service/check_project.go:23.2,23.16 1 0
github.com/yerassyldanay/invest/service/check_project.go:27.2,27.30 1 0
github.com/yerassyldanay/invest/service/check_project.go:15.42,16.31 1 0
github.com/yerassyldanay/invest/service/check_project.go:17.45,18.63 1 0
github.com/yerassyldanay/invest/service/check_project.go:19.10,20.68 1 0
github.com/yerassyldanay/invest/service/check_project.go:23.16,25.3 1 0
github.com/yerassyldanay/invest/service/check_project.go:35.112,38.16 3 0
github.com/yerassyldanay/invest/service/check_project.go:42.2,44.40 2 0
github.com/yerassyldanay/invest/service/check_project.go:50.2,50.30 1 0
github.com/yerassyldanay/invest/service/check_project.go:38.16,40.3 1 0
github.com/yerassyldanay/invest/service/check_project.go:44.41,46.3 0 0
github.com/yerassyldanay/invest/service/check_project.go:46.8,46.39 1 0
github.com/yerassyldanay/invest/service/check_project.go:46.39,48.3 1 0
github.com/yerassyldanay/invest/service/check_project.go:53.78,57.16 3 0
github.com/yerassyldanay/invest/service/check_project.go:61.2,61.30 1 0
github.com/yerassyldanay/invest/service/check_project.go:57.16,59.3 1 0
github.com/yerassyldanay/invest/service/help_get_query_parameter.go:9.66,13.18 3 0
github.com/yerassyldanay/invest/service/help_get_query_parameter.go:20.2,22.15 3 0
github.com/yerassyldanay/invest/service/help_get_query_parameter.go:28.2,28.24 1 0
github.com/yerassyldanay/invest/service/help_get_query_parameter.go:13.18,15.3 1 0
github.com/yerassyldanay/invest/service/help_get_query_parameter.go:15.8,17.3 1 0
github.com/yerassyldanay/invest/service/help_get_query_parameter.go:22.15,24.3 1 0
github.com/yerassyldanay/invest/service/help_get_query_parameter.go:24.8,26.3 1 0
github.com/yerassyldanay/invest/service/help_get_query_parameter.go:31.78,33.17 2 0
github.com/yerassyldanay/invest/service/help_get_query_parameter.go:37.2,37.13 1 0
github.com/yerassyldanay/invest/service/help_get_query_parameter.go:33.17,35.3 1 0
github.com/yerassyldanay/invest/service/help_get_query_parameter.go:40.90,42.17 2 0
github.com/yerassyldanay/invest/service/help_get_query_parameter.go:49.2,49.22 1 0
github.com/yerassyldanay/invest/service/help_get_query_parameter.go:42.17,44.17 2 0
github.com/yerassyldanay/invest/service/help_get_query_parameter.go:44.17,46.4 1 0
github.com/yerassyldanay/invest/service/help_get_query_parameter.go:52.74,54.2 1 0
github.com/yerassyldanay/invest/service/help_get_query_parameter.go:56.89,58.21 2 0
github.com/yerassyldanay/invest/service/help_get_query_parameter.go:62.2,64.13 2 0
github.com/yerassyldanay/invest/service/help_get_query_parameter.go:71.2,71.23 1 0
github.com/yerassyldanay/invest/service/help_get_query_parameter.go:85.2,86.16 2 0
github.com/yerassyldanay/invest/service/help_get_query_parameter.go:90.2,90.23 1 0
github.com/yerassyldanay/invest/service/help_get_query_parameter.go:113.2,113.15 1 0
github.com/yerassyldanay/invest/service/help_get_query_parameter.go:58.21,60.3 1 0
github.com/yerassyldanay/invest/service/help_get_query_parameter.go:64.13,66.3 1 0
github.com/yerassyldanay/invest/service/help_get_query_parameter.go:72.12,74.17 2 0
github.com/yerassyldanay/invest/service/help_get_query_parameter.go:77.3,77.11 1 0
github.com/yerassyldanay/invest/service/help_get_query_parameter.go:78.14,79.11 1 0
github.com/yerassyldanay/invest/service/help_get_query_parameter.go:74.17,76.4 1 0
github.com/yerassyldanay/invest/service/help_get_query_parameter.go:86.16,88.3 1 0
github.com/yerassyldanay/invest/service/help_get_query_parameter.go:91.11,92.16 1 0
github.com/yerassyldanay/invest/service/help_get_query_parameter.go:93.12,94.17 1 0
github.com/yerassyldanay/invest/service/help_get_query_parameter.go:95.13,96.18 1 0
github.com/yerassyldanay/invest/service/help_get_query_parameter.go:97.13,98.18 1 0
github.com/yerassyldanay/invest/service/help_get_query_parameter.go:99.13,100.18 1 0
github.com/yerassyldanay/invest/service/help_get_query_parameter.go:101.12,102.17 1 0
github.com/yerassyldanay/invest/service/help_get_query_parameter.go:103.13,104.18 1 0
github.com/yerassyldanay/invest/service/help_get_query_parameter.go:105.14,106.19 1 0
github.com/yerassyldanay/invest/service/help_get_query_parameter.go:107.14,108.19 1 0
github.com/yerassyldanay/invest/service/help_get_query_parameter.go:109.14,110.19 1 0
github.com/yerassyldanay/invest/service/help_get_query_parameter.go:121.88,124.13 2 0
github.com/yerassyldanay/invest/service/help_get_query_parameter.go:131.2,131.23 1 0
github.com/yerassyldanay/invest/service/help_get_query_parameter.go:145.2,146.16 2 0
github.com/yerassyldanay/invest/service/help_get_query_parameter.go:150.2,150.23 1 0
github.com/yerassyldanay/invest/service/help_get_query_parameter.go:173.2,173.15 1 0
github.com/yerassyldanay/invest/service/help_get_query_parameter.go:124.13,126.3 1 0
github.com/yerassyldanay/invest/service/help_get_query_parameter.go:132.12,134.17 2 0
github.com/yerassyldanay/invest/service/help_get_query_parameter.go:137.3,137.11 1 0
github.com/yerassyldanay/invest/service/help_get_query_parameter.go:138.14,139.11 1 0
github.com/yerassyldanay/invest/service/help_get_query_parameter.go:134.17,136.4 1 0
github.com/yerassyldanay/invest/service/help_get_query_parameter.go:146.16,148.3 1 0
github.com/yerassyldanay/invest/service/help_get_query_parameter.go:151.11,152.16 1 0
github.com/yerassyldanay/invest/service/help_get_query_parameter.go:153.12,154.17 1 0
github.com/yerassyldanay/invest/service/help_get_query_parameter.go:155.13,156.18 1 0
github.com/yerassyldanay/invest/service/help_get_query_parameter.go:157.13,158.18 1 0
github.com/yerassyldanay/invest/service/help_get_query_parameter.go:159.13,160.18 1 0
github.com/yerassyldanay/invest/service/help_get_query_parameter.go:161.12,162.17 1 0
github.com/yerassyldanay/invest/service/help_get_query_parameter.go:163.13,164.18 1 0
github.com/yerassyldanay/invest/service/help_get_query_parameter.go:165.14,166.19 1 0
github.com/yerassyldanay/invest/service/help_get_query_parameter.go:167.14,168.19 1 0
github.com/yerassyldanay/invest/service/help_get_query_parameter.go:169.14,170.19 1 0
github.com/yerassyldanay/invest/service/help_get_query_parameter.go:176.68,177.15 1 0
github.com/yerassyldanay/invest/service/help_get_query_parameter.go:180.2,180.15 1 0
github.com/yerassyldanay/invest/service/help_get_query_parameter.go:177.15,179.3 1 0
github.com/yerassyldanay/invest/service/help_get_query_parameter.go:183.67,184.21 1 0
github.com/yerassyldanay/invest/service/help_get_query_parameter.go:188.2,190.13 2 0
github.com/yerassyldanay/invest/service/help_get_query_parameter.go:197.2,197.23 1 0
github.com/yerassyldanay/invest/service/help_get_query_parameter.go:211.2,212.16 2 0
github.com/yerassyldanay/invest/service/help_get_query_parameter.go:216.2,216.23 1 0
github.com/yerassyldanay/invest/service/help_get_query_parameter.go:239.2,239.15 1 0
github.com/yerassyldanay/invest/service/help_get_query_parameter.go:184.21,186.3 1 0
github.com/yerassyldanay/invest/service/help_get_query_parameter.go:190.13,192.3 1 0
github.com/yerassyldanay/invest/service/help_get_query_parameter.go:198.12,200.17 2 0
github.com/yerassyldanay/invest/service/help_get_query_parameter.go:203.3,203.11 1 0
github.com/yerassyldanay/invest/service/help_get_query_parameter.go:204.14,205.11 1 0
github.com/yerassyldanay/invest/service/help_get_query_parameter.go:200.17,202.4 1 0
github.com/yerassyldanay/invest/service/help_get_query_parameter.go:212.16,214.3 1 0
github.com/yerassyldanay/invest/service/help_get_query_parameter.go:217.11,218.16 1 0
github.com/yerassyldanay/invest/service/help_get_query_parameter.go:219.12,220.17 1 0
github.com/yerassyldanay/invest/service/help_get_query_parameter.go:221.13,222.18 1 0
github.com/yerassyldanay/invest/service/help_get_query_parameter.go:223.13,224.18 1 0
github.com/yerassyldanay/invest/service/help_get_query_parameter.go:225.13,226.18 1 0
github.com/yerassyldanay/invest/service/help_get_query_parameter.go:227.12,228.17 1 0
github.com/yerassyldanay/invest/service/help_get_query_parameter.go:229.13,230.18 1 0
github.com/yerassyldanay/invest/service/help_get_query_parameter.go:231.14,232.19 1 0
github.com/yerassyldanay/invest/service/help_get_query_parameter.go:233.14,234.19 1 0
github.com/yerassyldanay/invest/service/help_get_query_parameter.go:235.14,236.19 1 0
github.com/yerassyldanay/invest/service/help_parse_format_of_file.go:10.56,15.9 3 0
github.com/yerassyldanay/invest/service/help_parse_format_of_file.go:28.2,29.12 2 0
github.com/yerassyldanay/invest/service/help_parse_format_of_file.go:16.18,17.13 1 0
github.com/yerassyldanay/invest/service/help_parse_format_of_file.go:18.60,20.22 2 0
github.com/yerassyldanay/invest/service/help_parse_format_of_file.go:24.3,25.13 2 0
github.com/yerassyldanay/invest/service/help_parse_format_of_file.go:20.22,22.4 1 0
github.com/yerassyldanay/invest/service/service_analysis.go:14.65,16.28 2 0
github.com/yerassyldanay/invest/service/service_analysis.go:20.2,20.15 1 0
github.com/yerassyldanay/invest/service/service_analysis.go:16.28,18.3 1 0
github.com/yerassyldanay/invest/service/service_analysis.go:24.90,26.9 1 0
github.com/yerassyldanay/invest/service/service_analysis.go:36.2,36.9 1 0
github.com/yerassyldanay/invest/service/service_analysis.go:46.2,47.16 2 0
github.com/yerassyldanay/invest/service/service_analysis.go:51.2,53.35 2 0
github.com/yerassyldanay/invest/service/service_analysis.go:69.2,69.49 1 0
github.com/yerassyldanay/invest/service/service_analysis.go:89.2,90.26 2 0
github.com/yerassyldanay/invest/service/service_analysis.go:155.2,155.53 1 0
github.com/yerassyldanay/invest/service/service_analysis.go:27.26,29.80 1 0
github.com/yerassyldanay/invest/service/service_analysis.go:30.10,32.77 1 0
github.com/yerassyldanay/invest/service/service_analysis.go:37.24,39.45 1 0
github.com/yerassyldanay/invest/service/service_analysis.go:40.10,42.48 1 0
github.com/yerassyldanay/invest/service/service_analysis.go:47.16,49.3 1 0
github.com/yerassyldanay/invest/service/service_analysis.go:53.35,64.3 2 0
github.com/yerassyldanay/invest/service/service_analysis.go:69.49,72.37 2 0
github.com/yerassyldanay/invest/service/service_analysis.go:72.37,80.30 5 0
github.com/yerassyldanay/invest/service/service_analysis.go:80.30,82.5 1 0
github.com/yerassyldanay/invest/service/service_analysis.go:90.26,95.17 3 0
github.com/yerassyldanay/invest/service/service_analysis.go:100.3,101.17 2 0
github.com/yerassyldanay/invest/service/service_analysis.go:106.3,106.61 1 0
github.com/yerassyldanay/invest/service/service_analysis.go:95.17,97.4 1 0
github.com/yerassyldanay/invest/service/service_analysis.go:101.17,103.4 1 0
github.com/yerassyldanay/invest/service/service_analysis.go:108.8,112.17 3 0
github.com/yerassyldanay/invest/service/service_analysis.go:117.3,118.31 2 0
github.com/yerassyldanay/invest/service/service_analysis.go:124.3,133.53 3 0
github.com/yerassyldanay/invest/service/service_analysis.go:151.3,152.32 2 0
github.com/yerassyldanay/invest/service/service_analysis.go:112.17,114.4 1 0
github.com/yerassyldanay/invest/service/service_analysis.go:118.31,121.4 2 0
github.com/yerassyldanay/invest/service/service_analysis.go:133.53,138.36 2 0
github.com/yerassyldanay/invest/service/service_analysis.go:138.36,145.5 5 0
github.com/yerassyldanay/invest/service/service_confirmation.go:12.76,16.16 2 1
github.com/yerassyldanay/invest/service/service_confirmation.go:21.2,22.69 2 1
github.com/yerassyldanay/invest/service/service_confirmation.go:28.2,29.15 2 1
github.com/yerassyldanay/invest/service/service_confirmation.go:34.2,35.85 2 1
github.com/yerassyldanay/invest/service/service_confirmation.go:41.2,42.59 2 1
github.com/yerassyldanay/invest/service/service_confirmation.go:48.2,49.59 2 1
github.com/yerassyldanay/invest/service/service_confirmation.go:55.2,55.100 1 1
github.com/yerassyldanay/invest/service/service_confirmation.go:61.2,74.53 2 1
github.com/yerassyldanay/invest/service/service_confirmation.go:80.2,80.45 1 1
github.com/yerassyldanay/invest/service/service_confirmation.go:83.2,94.4 7 1
github.com/yerassyldanay/invest/service/service_confirmation.go:16.16,18.3 1 0
github.com/yerassyldanay/invest/service/service_confirmation.go:22.69,24.3 1 0
github.com/yerassyldanay/invest/service/service_confirmation.go:29.15,30.19 1 1
github.com/yerassyldanay/invest/service/service_confirmation.go:30.19,30.37 1 0
github.com/yerassyldanay/invest/service/service_confirmation.go:35.85,38.3 2 0
github.com/yerassyldanay/invest/service/service_confirmation.go:42.59,45.3 2 0
github.com/yerassyldanay/invest/service/service_confirmation.go:49.59,52.3 2 0
github.com/yerassyldanay/invest/service/service_confirmation.go:55.100,58.3 2 0
github.com/yerassyldanay/invest/service/service_confirmation.go:74.53,77.3 2 0
github.com/yerassyldanay/invest/service/service_confirmation.go:80.45,82.3 1 0
github.com/yerassyldanay/invest/service/service_list_users.go:9.86,13.67 3 0
github.com/yerassyldanay/invest/service/service_list_users.go:34.2,34.49 1 0
github.com/yerassyldanay/invest/service/service_list_users.go:13.68,15.3 0 0
github.com/yerassyldanay/invest/service/service_list_users.go:15.8,15.80 1 0
github.com/yerassyldanay/invest/service/service_list_users.go:15.81,17.3 0 0
github.com/yerassyldanay/invest/service/service_list_users.go:17.8,17.85 1 0
github.com/yerassyldanay/invest/service/service_list_users.go:17.86,19.3 0 0
github.com/yerassyldanay/invest/service/service_list_users.go:19.8,25.35 2 0
github.com/yerassyldanay/invest/service/service_list_users.go:29.3,31.54 2 0
github.com/yerassyldanay/invest/service/service_list_users.go:25.35,27.4 1 0
github.com/yerassyldanay/invest/service/service_notification.go:9.90,12.65 2 0
github.com/yerassyldanay/invest/service/service_notification.go:16.2,22.16 3 0
github.com/yerassyldanay/invest/service/service_notification.go:27.2,28.45 2 0
github.com/yerassyldanay/invest/service/service_notification.go:32.2,35.53 3 0
github.com/yerassyldanay/invest/service/service_notification.go:12.65,14.3 1 0
github.com/yerassyldanay/invest/service/service_notification.go:22.16,24.3 1 0
github.com/yerassyldanay/invest/service/service_notification.go:28.45,30.3 1 0
github.com/yerassyldanay/invest/service/service_project.go:13.113,14.27 1 0
github.com/yerassyldanay/invest/service/service_project.go:32.2,36.15 2 0
github.com/yerassyldanay/invest/service/service_project.go:38.2,49.22 6 0
github.com/yerassyldanay/invest/service/service_project.go:54.2,55.70 2 0
github.com/yerassyldanay/invest/service/service_project.go:60.2,61.67 2 0
github.com/yerassyldanay/invest/service/service_project.go:70.2,71.22 2 0
github.com/yerassyldanay/invest/service/service_project.go:76.2,78.26 3 0
github.com/yerassyldanay/invest/service/service_project.go:83.2,84.16 2 0
github.com/yerassyldanay/invest/service/service_project.go:88.2,91.95 2 0
github.com/yerassyldanay/invest/service/service_project.go:96.2,97.101 2 0
github.com/yerassyldanay/invest/service/service_project.go:102.2,108.9 2 0
github.com/yerassyldanay/invest/service/service_project.go:114.2,121.9 2 0
github.com/yerassyldanay/invest/service/service_project.go:126.2,126.30 1 0
github.com/yerassyldanay/invest/service/service_project.go:14.27,15.35 1 0
github.com/yerassyldanay/invest/service/service_project.go:19.3,19.31 1 0
github.com/yerassyldanay/invest/service/service_project.go:15.35,18.4 2 0
github.com/yerassyldanay/invest/service/service_project.go:36.15,36.33 1 0
github.com/yerassyldanay/invest/service/service_project.go:36.33,36.53 1 0
github.com/yerassyldanay/invest/service/service_project.go:49.22,51.3 1 0
github.com/yerassyldanay/invest/service/service_project.go:55.70,57.3 1 0
github.com/yerassyldanay/invest/service/service_project.go:61.67,63.3 1 0
github.com/yerassyldanay/invest/service/service_project.go:71.22,73.3 1 0
github.com/yerassyldanay/invest/service/service_project.go:78.26,80.3 1 0
github.com/yerassyldanay/invest/service/service_project.go:84.16,86.3 1 0
github.com/yerassyldanay/invest/service/service_project.go:91.95,93.3 1 0
github.com/yerassyldanay/invest/service/service_project.go:97.101,99.3 1 0
github.com/yerassyldanay/invest/service/service_project.go:109.58,109.58 0 0
github.com/yerassyldanay/invest/service/service_project.go:110.10,110.10 0 0
github.com/yerassyldanay/invest/service/service_project.go:122.59,122.59 0 0
github.com/yerassyldanay/invest/service/service_project.go:123.10,123.10 0 0
github.com/yerassyldanay/invest/service/service_project.go:130.74,149.86 2 0
github.com/yerassyldanay/invest/service/service_project.go:154.2,154.87 1 0
github.com/yerassyldanay/invest/service/service_project.go:159.2,159.84 1 0
github.com/yerassyldanay/invest/service/service_project.go:164.2,167.53 3 0
github.com/yerassyldanay/invest/service/service_project.go:149.86,151.3 1 0
github.com/yerassyldanay/invest/service/service_project.go:154.87,156.3 1 0
github.com/yerassyldanay/invest/service/service_project.go:159.84,161.3 1 0
github.com/yerassyldanay/invest/service/check_document.go:9.131,14.16 3 0
github.com/yerassyldanay/invest/service/check_document.go:19.2,19.21 1 0
github.com/yerassyldanay/invest/service/check_document.go:27.2,27.41 1 0
github.com/yerassyldanay/invest/service/check_document.go:31.2,31.30 1 0
github.com/yerassyldanay/invest/service/check_document.go:14.16,16.3 1 0
github.com/yerassyldanay/invest/service/check_document.go:20.29,21.34 1 0
github.com/yerassyldanay/invest/service/check_document.go:22.28,23.34 1 0
github.com/yerassyldanay/invest/service/check_document.go:27.41,29.3 1 0
github.com/yerassyldanay/invest/service/service_ganta_change.go:12.119,18.16 3 0
github.com/yerassyldanay/invest/service/service_ganta_change.go:22.2,31.9 2 0
github.com/yerassyldanay/invest/service/service_ganta_change.go:46.2,46.103 1 0
github.com/yerassyldanay/invest/service/service_ganta_change.go:50.2,51.19 2 0
github.com/yerassyldanay/invest/service/service_ganta_change.go:18.16,20.3 1 0
github.com/yerassyldanay/invest/service/service_ganta_change.go:32.51,33.84 1 0
github.com/yerassyldanay/invest/service/service_ganta_change.go:34.42,34.42 0 0
github.com/yerassyldanay/invest/service/service_ganta_change.go:36.46,36.46 0 0
github.com/yerassyldanay/invest/service/service_ganta_change.go:38.40,38.40 0 0
github.com/yerassyldanay/invest/service/service_ganta_change.go:40.10,41.92 1 0
github.com/yerassyldanay/invest/service/service_ganta_change.go:46.103,48.3 1 0
github.com/yerassyldanay/invest/service/service_ganta_change.go:57.104,59.9 1 1
github.com/yerassyldanay/invest/service/service_ganta_change.go:68.2,69.82 2 1
github.com/yerassyldanay/invest/service/service_ganta_change.go:73.2,76.54 2 1
github.com/yerassyldanay/invest/service/service_ganta_change.go:81.2,82.15 2 1
github.com/yerassyldanay/invest/service/service_ganta_change.go:84.2,88.9 3 1
github.com/yerassyldanay/invest/service/service_ganta_change.go:201.2,201.45 1 1
github.com/yerassyldanay/invest/service/service_ganta_change.go:205.2,219.9 5 1
github.com/yerassyldanay/invest/service/service_ganta_change.go:224.2,224.30 1 1
github.com/yerassyldanay/invest/service/service_ganta_change.go:60.47,60.47 0 0
github.com/yerassyldanay/invest/service/service_ganta_change.go:61.47,61.47 0 0
github.com/yerassyldanay/invest/service/service_ganta_change.go:62.51,62.51 0 1
github.com/yerassyldanay/invest/service/service_ganta_change.go:63.10,64.78 1 0
github.com/yerassyldanay/invest/service/service_ganta_change.go:69.82,71.3 1 0
github.com/yerassyldanay/invest/service/service_ganta_change.go:76.54,78.3 1 0
github.com/yerassyldanay/invest/service/service_ganta_change.go:82.15,82.33 1 1
github.com/yerassyldanay/invest/service/service_ganta_change.go:82.33,82.51 1 1
github.com/yerassyldanay/invest/service/service_ganta_change.go:89.45,91.71 1 0
github.com/yerassyldanay/invest/service/service_ganta_change.go:92.121,101.10 1 1
github.com/yerassyldanay/invest/service/service_ganta_change.go:197.10,198.87 1 0
github.com/yerassyldanay/invest/service/service_ganta_change.go:102.48,123.18 3 0
github.com/yerassyldanay/invest/service/service_ganta_change.go:129.4,130.18 2 0
github.com/yerassyldanay/invest/service/service_ganta_change.go:134.48,136.89 1 0
github.com/yerassyldanay/invest/service/service_ganta_change.go:147.4,148.18 2 0
github.com/yerassyldanay/invest/service/service_ganta_change.go:153.4,158.18 3 0
github.com/yerassyldanay/invest/service/service_ganta_change.go:162.52,187.112 5 1
github.com/yerassyldanay/invest/service/service_ganta_change.go:192.4,192.52 1 1
github.com/yerassyldanay/invest/service/service_ganta_change.go:123.18,125.5 1 0
github.com/yerassyldanay/invest/service/service_ganta_change.go:130.18,132.5 1 0
github.com/yerassyldanay/invest/service/service_ganta_change.go:136.89,138.5 1 0
github.com/yerassyldanay/invest/service/service_ganta_change.go:148.18,150.5 1 0
github.com/yerassyldanay/invest/service/service_ganta_change.go:158.18,160.5 1 0
github.com/yerassyldanay/invest/service/service_ganta_change.go:187.112,189.5 1 0
github.com/yerassyldanay/invest/service/service_ganta_change.go:192.52,194.5 1 0
github.com/yerassyldanay/invest/service/service_ganta_change.go:201.45,203.3 1 0
github.com/yerassyldanay/invest/service/service_ganta_change.go:220.79,220.79 0 1
github.com/yerassyldanay/invest/service/service_ganta_change.go:221.10,221.10 0 0
github.com/yerassyldanay/invest/service/service_ganta_change.go:227.77,230.21 1 0
github.com/yerassyldanay/invest/service/service_ganta_change.go:235.2,238.69 2 0
github.com/yerassyldanay/invest/service/service_ganta_change.go:242.2,242.30 1 0
github.com/yerassyldanay/invest/service/service_ganta_change.go:230.21,232.3 1 0
github.com/yerassyldanay/invest/service/service_ganta_change.go:238.69,240.3 1 0
github.com/yerassyldanay/invest/service/service_user_put.go:12.76,18.78 3 1
github.com/yerassyldanay/invest/service/service_user_put.go:23.2,24.109 1 1
github.com/yerassyldanay/invest/service/service_user_put.go:41.2,41.23 1 1
github.com/yerassyldanay/invest/service/service_user_put.go:46.2,47.58 2 1
github.com/yerassyldanay/invest/service/service_user_put.go:53.2,53.45 1 1
github.com/yerassyldanay/invest/service/service_user_put.go:57.2,57.30 1 1
github.com/yerassyldanay/invest/service/service_user_put.go:18.78,21.3 2 0
github.com/yerassyldanay/invest/service/service_user_put.go:24.109,26.95 1 1
github.com/yerassyldanay/invest/service/service_user_put.go:32.3,32.57 1 1
github.com/yerassyldanay/invest/service/service_user_put.go:37.3,37.41 1 1
github.com/yerassyldanay/invest/service/service_user_put.go:26.95,29.4 2 0
github.com/yerassyldanay/invest/service/service_user_put.go:32.57,35.4 2 0
github.com/yerassyldanay/invest/service/service_user_put.go:41.23,43.3 1 1
github.com/yerassyldanay/invest/service/service_user_put.go:47.58,50.3 2 0
github.com/yerassyldanay/invest/service/service_user_put.go:53.45,55.3 1 0
github.com/yerassyldanay/invest/service/service_user_put.go:60.94,64.78 2 0
github.com/yerassyldanay/invest/service/service_user_put.go:68.2,68.35 1 0
github.com/yerassyldanay/invest/service/service_user_put.go:94.2,97.23 1 0
github.com/yerassyldanay/invest/service/service_user_put.go:102.2,110.30 3 0
github.com/yerassyldanay/invest/service/service_user_put.go:64.78,66.3 1 0
github.com/yerassyldanay/invest/service/service_user_put.go:68.35,70.3 1 0
github.com/yerassyldanay/invest/service/service_user_put.go:97.23,99.3 1 0
github.com/yerassyldanay/invest/service/service_user_put.go:114.83,120.9 3 0
github.com/yerassyldanay/invest/service/service_user_put.go:125.2,125.61 1 0
github.com/yerassyldanay/invest/service/service_user_put.go:130.2,130.56 1 0
github.com/yerassyldanay/invest/service/service_user_put.go:135.2,139.51 3 0
github.com/yerassyldanay/invest/service/service_user_put.go:143.2,147.51 3 0
github.com/yerassyldanay/invest/service/service_user_put.go:151.2,155.77 3 0
github.com/yerassyldanay/invest/service/service_user_put.go:159.2,162.47 2 0
github.com/yerassyldanay/invest/service/service_user_put.go:173.2,173.50 1 0
github.com/yerassyldanay/invest/service/service_user_put.go:179.2,179.42 1 0
github.com/yerassyldanay/invest/service/service_user_put.go:184.2,197.9 5 0
github.com/yerassyldanay/invest/service/service_user_put.go:202.2,202.42 1 0
github.com/yerassyldanay/invest/service/service_user_put.go:120.9,122.3 1 0
github.com/yerassyldanay/invest/service/service_user_put.go:125.61,127.3 1 0
github.com/yerassyldanay/invest/service/service_user_put.go:130.56,132.3 1 0
github.com/yerassyldanay/invest/service/service_user_put.go:139.51,142.3 2 0
github.com/yerassyldanay/invest/service/service_user_put.go:147.51,150.3 2 0
github.com/yerassyldanay/invest/service/service_user_put.go:155.77,158.3 2 0
github.com/yerassyldanay/invest/service/service_user_put.go:162.47,166.62 2 0
github.com/yerassyldanay/invest/service/service_user_put.go:166.62,169.4 2 0
github.com/yerassyldanay/invest/service/service_user_put.go:173.50,176.3 2 0
github.com/yerassyldanay/invest/service/service_user_put.go:179.42,181.3 1 0
github.com/yerassyldanay/invest/service/service_user_put.go:198.57,198.57 0 0
github.com/yerassyldanay/invest/service/service_user_put.go:199.10,199.10 0 0
github.com/yerassyldanay/invest/service/service_user_put.go:206.72,213.9 3 0
github.com/yerassyldanay/invest/service/service_user_put.go:221.2,222.26 2 0
github.com/yerassyldanay/invest/service/service_user_put.go:227.2,230.53 3 0
github.com/yerassyldanay/invest/service/service_user_put.go:214.37,215.25 1 0
github.com/yerassyldanay/invest/service/service_user_put.go:216.18,217.50 1 0
github.com/yerassyldanay/invest/service/service_user_put.go:222.26,225.3 2 0
github.com/yerassyldanay/invest/service/help_file_store.go:11.45,18.16 4 0
github.com/yerassyldanay/invest/service/help_file_store.go:25.2,26.16 2 0
github.com/yerassyldanay/invest/service/help_file_store.go:30.2,30.12 1 0
github.com/yerassyldanay/invest/service/help_file_store.go:18.16,20.3 1 0
github.com/yerassyldanay/invest/service/help_file_store.go:26.16,28.3 1 0
github.com/yerassyldanay/invest/service/service_smtp.go:9.75,12.40 1 0
github.com/yerassyldanay/invest/service/service_smtp.go:17.2,25.44 4 0
github.com/yerassyldanay/invest/service/service_smtp.go:31.2,32.48 2 0
github.com/yerassyldanay/invest/service/service_smtp.go:38.2,38.56 1 0
github.com/yerassyldanay/invest/service/service_smtp.go:44.2,44.42 1 0
github.com/yerassyldanay/invest/service/service_smtp.go:48.2,48.30 1 0
github.com/yerassyldanay/invest/service/service_smtp.go:12.40,14.3 1 0
github.com/yerassyldanay/invest/service/service_smtp.go:25.44,28.3 2 0
github.com/yerassyldanay/invest/service/service_smtp.go:32.48,35.3 2 0
github.com/yerassyldanay/invest/service/service_smtp.go:38.56,41.3 2 0
github.com/yerassyldanay/invest/service/service_smtp.go:44.42,46.3 1 0
github.com/yerassyldanay/invest/service/service_smtp.go:52.75,55.18 1 0
github.com/yerassyldanay/invest/service/service_smtp.go:60.2,60.40 1 0
github.com/yerassyldanay/invest/service/service_smtp.go:65.2,66.15 2 0
github.com/yerassyldanay/invest/service/service_smtp.go:69.2,69.62 1 0
github.com/yerassyldanay/invest/service/service_smtp.go:74.2,74.48 1 0
github.com/yerassyldanay/invest/service/service_smtp.go:79.2,80.46 2 0
github.com/yerassyldanay/invest/service/service_smtp.go:85.2,85.56 1 0
github.com/yerassyldanay/invest/service/service_smtp.go:90.2,90.42 1 0
github.com/yerassyldanay/invest/service/service_smtp.go:95.2,95.30 1 0
github.com/yerassyldanay/invest/service/service_smtp.go:55.18,57.3 1 0
github.com/yerassyldanay/invest/service/service_smtp.go:60.40,62.3 1 0
github.com/yerassyldanay/invest/service/service_smtp.go:66.15,66.30 1 0
github.com/yerassyldanay/invest/service/service_smtp.go:66.30,66.47 1 0
github.com/yerassyldanay/invest/service/service_smtp.go:69.62,71.3 1 0
github.com/yerassyldanay/invest/service/service_smtp.go:74.48,76.3 1 0
github.com/yerassyldanay/invest/service/service_smtp.go:80.46,82.3 1 0
github.com/yerassyldanay/invest/service/service_smtp.go:85.56,87.3 1 0
github.com/yerassyldanay/invest/service/service_smtp.go:90.42,92.3 1 0
github.com/yerassyldanay/invest/service/service_smtp.go:99.50,103.16 3 0
github.com/yerassyldanay/invest/service/service_smtp.go:108.2,109.28 2 0
github.com/yerassyldanay/invest/service/service_smtp.go:113.2,116.53 3 0
github.com/yerassyldanay/invest/service/service_smtp.go:103.16,105.3 1 0
github.com/yerassyldanay/invest/service/service_smtp.go:109.28,111.3 1 0
github.com/yerassyldanay/invest/service/service_smtp.go:120.75,124.15 2 0
github.com/yerassyldanay/invest/service/service_smtp.go:127.2,127.62 1 0
github.com/yerassyldanay/invest/service/service_smtp.go:132.2,132.48 1 0
github.com/yerassyldanay/invest/service/service_smtp.go:137.2,137.42 1 0
github.com/yerassyldanay/invest/service/service_smtp.go:141.2,141.30 1 0
github.com/yerassyldanay/invest/service/service_smtp.go:124.15,124.30 1 0
github.com/yerassyldanay/invest/service/service_smtp.go:124.30,124.47 1 0
github.com/yerassyldanay/invest/service/service_smtp.go:127.62,129.3 1 0
github.com/yerassyldanay/invest/service/service_smtp.go:132.48,134.3 1 0
github.com/yerassyldanay/invest/service/service_smtp.go:137.42,139.3 1 0
github.com/yerassyldanay/invest/service/abc_parse.go:11.60,18.2 6 0
github.com/yerassyldanay/invest/service/abc_parse.go:20.35,22.16 2 1
github.com/yerassyldanay/invest/service/abc_parse.go:25.2,25.24 1 1
github.com/yerassyldanay/invest/service/abc_parse.go:22.16,24.3 1 0
github.com/yerassyldanay/invest/service/help_download_and_store.go:8.94,13.16 2 0
github.com/yerassyldanay/invest/service/help_download_and_store.go:21.2,21.53 1 0
github.com/yerassyldanay/invest/service/help_download_and_store.go:29.2,32.16 3 0
github.com/yerassyldanay/invest/service/help_download_and_store.go:36.2,36.45 1 0
github.com/yerassyldanay/invest/service/help_download_and_store.go:13.16,15.3 1 0
github.com/yerassyldanay/invest/service/help_download_and_store.go:21.53,23.3 1 0
github.com/yerassyldanay/invest/service/help_download_and_store.go:32.16,34.3 1 0
github.com/yerassyldanay/invest/service/service_comment.go:9.98,11.15 2 0
github.com/yerassyldanay/invest/service/service_comment.go:14.2,14.69 1 0
github.com/yerassyldanay/invest/service/service_comment.go:19.2,20.54 2 0
github.com/yerassyldanay/invest/service/service_comment.go:25.2,25.61 1 0
github.com/yerassyldanay/invest/service/service_comment.go:30.2,30.137 1 0
github.com/yerassyldanay/invest/service/service_comment.go:35.2,35.45 1 0
github.com/yerassyldanay/invest/service/service_comment.go:40.2,41.26 2 0
github.com/yerassyldanay/invest/service/service_comment.go:45.2,55.9 3 0
github.com/yerassyldanay/invest/service/service_comment.go:60.2,60.30 1 0
github.com/yerassyldanay/invest/service/service_comment.go:11.15,11.33 1 0
github.com/yerassyldanay/invest/service/service_comment.go:11.33,11.53 1 0
github.com/yerassyldanay/invest/service/service_comment.go:14.69,16.3 1 0
github.com/yerassyldanay/invest/service/service_comment.go:20.54,22.3 1 0
github.com/yerassyldanay/invest/service/service_comment.go:25.61,27.3 1 0
github.com/yerassyldanay/invest/service/service_comment.go:30.137,32.3 1 0
github.com/yerassyldanay/invest/service/service_comment.go:35.45,37.3 1 0
github.com/yerassyldanay/invest/service/service_comment.go:41.26,43.3 1 0
github.com/yerassyldanay/invest/service/service_comment.go:56.57,56.57 0 0
github.com/yerassyldanay/invest/service/service_comment.go:57.10,57.10 0 0
github.com/yerassyldanay/invest/service/service_comment.go:63.83,68.2 2 0
github.com/yerassyldanay/invest/service/service_list_projects.go:11.89,16.9 4 0
github.com/yerassyldanay/invest/service/service_list_projects.go:24.2,24.35 1 0
github.com/yerassyldanay/invest/service/service_list_projects.go:30.2,30.29 1 0
github.com/yerassyldanay/invest/service/service_list_projects.go:42.2,43.35 2 0
github.com/yerassyldanay/invest/service/service_list_projects.go:49.2,52.53 3 0
github.com/yerassyldanay/invest/service/service_list_projects.go:17.45,18.106 1 0
github.com/yerassyldanay/invest/service/service_list_projects.go:19.10,20.106 1 0
github.com/yerassyldanay/invest/service/service_list_projects.go:24.35,26.3 1 0
github.com/yerassyldanay/invest/service/service_list_projects.go:30.29,33.29 2 0
github.com/yerassyldanay/invest/service/service_list_projects.go:33.29,37.4 2 0
github.com/yerassyldanay/invest/service/service_list_projects.go:43.35,47.3 3 0
github.com/yerassyldanay/invest/service/service_list_projects.go:55.123,57.65 2 0
github.com/yerassyldanay/invest/service/service_list_projects.go:62.2,66.45 3 0
github.com/yerassyldanay/invest/service/service_list_projects.go:57.65,59.3 1 0
github.com/yerassyldanay/invest/service/service_list_projects.go:69.101,78.29 4 0
github.com/yerassyldanay/invest/service/service_list_projects.go:89.2,89.35 1 0
github.com/yerassyldanay/invest/service/service_list_projects.go:94.2,97.53 3 0
github.com/yerassyldanay/invest/service/service_list_projects.go:78.29,80.29 1 0
github.com/yerassyldanay/invest/service/service_list_projects.go:80.29,84.4 2 0
github.com/yerassyldanay/invest/service/service_list_projects.go:89.35,91.3 1 0
github.com/yerassyldanay/invest/service/service_password.go:10.90,13.90 2 1
github.com/yerassyldanay/invest/service/service_password.go:18.2,18.38 1 1
github.com/yerassyldanay/invest/service/service_password.go:23.2,27.28 3 1
github.com/yerassyldanay/invest/service/service_password.go:32.2,38.9 2 1
github.com/yerassyldanay/invest/service/service_password.go:43.2,46.4 1 1
github.com/yerassyldanay/invest/service/service_password.go:13.90,15.3 1 1
github.com/yerassyldanay/invest/service/service_password.go:18.38,20.3 1 0
github.com/yerassyldanay/invest/service/service_password.go:27.28,29.3 1 0
github.com/yerassyldanay/invest/service/service_password.go:39.57,39.57 0 1
github.com/yerassyldanay/invest/service/service_password.go:40.10,40.10 0 0
github.com/yerassyldanay/invest/service/service_password.go:50.93,53.16 2 1
github.com/yerassyldanay/invest/service/service_password.go:58.2,59.87 2 1
github.com/yerassyldanay/invest/service/service_password.go:64.2,68.23 1 1
github.com/yerassyldanay/invest/service/service_password.go:73.2,73.30 1 1
github.com/yerassyldanay/invest/service/service_password.go:53.16,55.3 1 1
github.com/yerassyldanay/invest/service/service_password.go:59.87,61.3 1 0
github.com/yerassyldanay/invest/service/service_password.go:68.23,70.3 1 0
github.com/yerassyldanay/invest/service/check_admin.go:9.55,10.40 1 0
github.com/yerassyldanay/invest/service/check_admin.go:14.2,14.22 1 0
github.com/yerassyldanay/invest/service/check_admin.go:10.40,12.3 1 0
github.com/yerassyldanay/invest/service/check_admin.go:17.93,21.16 3 0
github.com/yerassyldanay/invest/service/check_admin.go:26.2,26.29 1 0
github.com/yerassyldanay/invest/service/check_admin.go:32.2,32.64 1 0
github.com/yerassyldanay/invest/service/check_admin.go:21.16,23.3 1 0
github.com/yerassyldanay/invest/service/check_admin.go:26.29,27.29 1 0
github.com/yerassyldanay/invest/service/check_admin.go:27.29,29.4 1 0
